loading initial cache file /home/nevergiu/Program/source/repos/nglive_box/cmake_professional/super_build_mode/build/subprojects/tmp/message_external/message_external-cache-Debug.cmake
-- The CXX compiler identification is GNU 9.3.0
-- Check for working CXX compiler: /usr/bin/c++
-- Check for working CXX compiler: /usr/bin/c++ -- works
-- Detecting CXX compiler ABI info
-- Detecting CXX compiler ABI info - done
-- Detecting CXX compile features
-- Detecting CXX compile features - done
-- Project will be installed to /home/nevergiu/Program/source/repos/nglive_box/cmake_professional/super_build_mode/build/stage
-- Build type set to Debug
-- Installing LIB components to /home/nevergiu/Program/source/repos/nglive_box/cmake_professional/super_build_mode/build/stage/lib
-- Installing BIN components to /home/nevergiu/Program/source/repos/nglive_box/cmake_professional/super_build_mode/build/stage/bin
-- Installing INCLUDE components to /home/nevergiu/Program/source/repos/nglive_box/cmake_professional/super_build_mode/build/stage/include
-- Installing CMAKE components to /home/nevergiu/Program/source/repos/nglive_box/cmake_professional/super_build_mode/build/stage/share/cmake/message
-- Checking for one of the modules 'uuid'
-- Found libuuid
-- Performing Test COMPILER_HAS_HIDDEN_VISIBILITY
-- Performing Test COMPILER_HAS_HIDDEN_VISIBILITY - Success
-- Performing Test COMPILER_HAS_HIDDEN_INLINE_VISIBILITY
-- Performing Test COMPILER_HAS_HIDDEN_INLINE_VISIBILITY - Success
-- Performing Test COMPILER_HAS_DEPRECATED_ATTR
-- Performing Test COMPILER_HAS_DEPRECATED_ATTR - Success
-- CPack generators: ZIP;TGZ;DEB;RPM
-- Configuring done
-- Generating done
-- Build files have been written to: /home/nevergiu/Program/source/repos/nglive_box/cmake_professional/super_build_mode/build/subprojects/Build/message_external
