[ 25%] Built target message-static
[ 50%] Built target hello-world_wAR
[ 75%] Built target message-shared
[100%] Built target hello-world_wDSO
Install the project...
-- Install configuration: "Debug"
-- Installing: /home/nevergiu/Program/source/repos/nglive_box/cmake_professional/super_build_mode/build/stage/lib/libmessage_d.so.1
-- Installing: /home/nevergiu/Program/source/repos/nglive_box/cmake_professional/super_build_mode/build/stage/lib/libmessage_d.so
-- Installing: /home/nevergiu/Program/source/repos/nglive_box/cmake_professional/super_build_mode/build/stage/include/message/Message.hpp
-- Installing: /home/nevergiu/Program/source/repos/nglive_box/cmake_professional/super_build_mode/build/stage/include/message/messageExport.h
-- Installing: /home/nevergiu/Program/source/repos/nglive_box/cmake_professional/super_build_mode/build/stage/lib/libmessage_sd.a
-- Up-to-date: /home/nevergiu/Program/source/repos/nglive_box/cmake_professional/super_build_mode/build/stage/include/message/Message.hpp
-- Up-to-date: /home/nevergiu/Program/source/repos/nglive_box/cmake_professional/super_build_mode/build/stage/include/message/messageExport.h
-- Installing: /home/nevergiu/Program/source/repos/nglive_box/cmake_professional/super_build_mode/build/stage/bin/hello-world_wDSO
-- Set runtime path of "/home/nevergiu/Program/source/repos/nglive_box/cmake_professional/super_build_mode/build/stage/bin/hello-world_wDSO" to "$ORIGIN/../lib"
-- Installing: /home/nevergiu/Program/source/repos/nglive_box/cmake_professional/super_build_mode/build/stage/bin/hello-world_wAR
-- Installing: /home/nevergiu/Program/source/repos/nglive_box/cmake_professional/super_build_mode/build/stage/share/cmake/message/messageTargets.cmake
-- Installing: /home/nevergiu/Program/source/repos/nglive_box/cmake_professional/super_build_mode/build/stage/share/cmake/message/messageTargets-debug.cmake
-- Installing: /home/nevergiu/Program/source/repos/nglive_box/cmake_professional/super_build_mode/build/stage/share/cmake/message/messageConfig.cmake
-- Installing: /home/nevergiu/Program/source/repos/nglive_box/cmake_professional/super_build_mode/build/stage/share/cmake/message/messageConfigVersion.cmake
